<?xml version="1.0" encoding="UTF-8"?>
<testng-results skipped="0" failed="4" ignored="0" total="11" passed="7">
  <reporter-output>
  </reporter-output>
  <suite name="Default suite" duration-ms="660453" started-at="2021-08-16T12:55:16 IST" finished-at="2021-08-16T13:06:17 IST">
    <groups>
      <group name="cucumber">
        <method signature="AbstractTestNGCucumberTests.runScenario(io.cucumber.testng.PickleWrapper,io.cucumber.testng.FeatureWrapper)[pri:0, instance:testrunner@1068e947]" name="runScenario" class="io.cucumber.testng.AbstractTestNGCucumberTests"/>
      </group> <!-- cucumber -->
    </groups>
    <test name="Default test" duration-ms="660453" started-at="2021-08-16T12:55:16 IST" finished-at="2021-08-16T13:06:17 IST">
      <class name="testrunner">
        <test-method status="PASS" signature="setUpClass()[pri:0, instance:testrunner@1068e947]" name="setUpClass" is-config="true" duration-ms="2052" started-at="2021-08-16T12:55:16 IST" finished-at="2021-08-16T12:55:18 IST">
          <reporter-output>
          </reporter-output>
        </test-method> <!-- setUpClass -->
        <test-method status="PASS" signature="runScenario(io.cucumber.testng.PickleWrapper,io.cucumber.testng.FeatureWrapper)[pri:0, instance:testrunner@1068e947]" name="runScenario" duration-ms="109880" started-at="2021-08-16T12:55:18 IST" description="Runs Cucumber Scenarios" data-provider="scenarios" finished-at="2021-08-16T12:57:08 IST">
          <params>
            <param index="0">
              <value>
                <![CDATA["User wants to fill the form fields to sell car"]]>
              </value>
            </param>
            <param index="1">
              <value>
                <![CDATA["Optional[form fields to sell car]"]]>
              </value>
            </param>
          </params>
          <reporter-output>
          </reporter-output>
        </test-method> <!-- runScenario -->
        <test-method status="PASS" signature="runScenario(io.cucumber.testng.PickleWrapper,io.cucumber.testng.FeatureWrapper)[pri:0, instance:testrunner@1068e947]" name="runScenario" duration-ms="45984" started-at="2021-08-16T12:57:08 IST" description="Runs Cucumber Scenarios" data-provider="scenarios" finished-at="2021-08-16T12:57:54 IST">
          <params>
            <param index="0">
              <value>
                <![CDATA["User wants to fill the form fields to sell bike"]]>
              </value>
            </param>
            <param index="1">
              <value>
                <![CDATA["Optional[form fields to sell bike]"]]>
              </value>
            </param>
          </params>
          <reporter-output>
          </reporter-output>
        </test-method> <!-- runScenario -->
        <test-method status="FAIL" signature="runScenario(io.cucumber.testng.PickleWrapper,io.cucumber.testng.FeatureWrapper)[pri:0, instance:testrunner@1068e947]" name="runScenario" duration-ms="59253" started-at="2021-08-16T12:57:54 IST" description="Runs Cucumber Scenarios" data-provider="scenarios" finished-at="2021-08-16T12:58:53 IST">
          <params>
            <param index="0">
              <value>
                <![CDATA["User fills the invalid data in brand field"]]>
              </value>
            </param>
            <param index="1">
              <value>
                <![CDATA["Optional[form fields to sell bike]"]]>
              </value>
            </param>
          </params>
          <exception class="org.openqa.selenium.StaleElementReferenceException">
            <message>
              <![CDATA[stale element reference: element is not attached to the page document
  (Session info: chrome=92.0.4515.131)
For documentation on this error, please visit: https://www.seleniumhq.org/exceptions/stale_element_reference.html
Build info: version: '3.141.59', revision: 'e82be7d358', time: '2018-11-14T08:17:03'
System info: host: 'DESKTOP-J83KBQ8', ip: '192.168.10.6', os.name: 'Windows 10', os.arch: 'amd64', os.version: '10.0', java.version: '1.8.0_281'
Driver info: org.openqa.selenium.chrome.ChromeDriver
Capabilities {acceptInsecureCerts: false, browserName: chrome, browserVersion: 92.0.4515.131, chrome: {chromedriverVersion: 91.0.4472.101 (af52a90bf870..., userDataDir: C:\Users\lenovo\AppData\Loc...}, goog:chromeOptions: {debuggerAddress: localhost:59649}, javascriptEnabled: true, networkConnectionEnabled: false, pageLoadStrategy: normal, platform: WINDOWS, platformName: WINDOWS, proxy: Proxy(), setWindowRect: true, strictFileInteractability: false, timeouts: {implicit: 0, pageLoad: 300000, script: 30000}, unhandledPromptBehavior: dismiss and notify, webauthn:extension:largeBlob: true, webauthn:virtualAuthenticators: true}
Session ID: 36fb0f4e0bad16cf15cd42894c412b19]]>
            </message>
            <full-stacktrace>
              <![CDATA[org.openqa.selenium.StaleElementReferenceException: stale element reference: element is not attached to the page document
  (Session info: chrome=92.0.4515.131)
For documentation on this error, please visit: https://www.seleniumhq.org/exceptions/stale_element_reference.html
Build info: version: '3.141.59', revision: 'e82be7d358', time: '2018-11-14T08:17:03'
System info: host: 'DESKTOP-J83KBQ8', ip: '192.168.10.6', os.name: 'Windows 10', os.arch: 'amd64', os.version: '10.0', java.version: '1.8.0_281'
Driver info: org.openqa.selenium.chrome.ChromeDriver
Capabilities {acceptInsecureCerts: false, browserName: chrome, browserVersion: 92.0.4515.131, chrome: {chromedriverVersion: 91.0.4472.101 (af52a90bf870..., userDataDir: C:\Users\lenovo\AppData\Loc...}, goog:chromeOptions: {debuggerAddress: localhost:59649}, javascriptEnabled: true, networkConnectionEnabled: false, pageLoadStrategy: normal, platform: WINDOWS, platformName: WINDOWS, proxy: Proxy(), setWindowRect: true, strictFileInteractability: false, timeouts: {implicit: 0, pageLoad: 300000, script: 30000}, unhandledPromptBehavior: dismiss and notify, webauthn:extension:largeBlob: true, webauthn:virtualAuthenticators: true}
Session ID: 36fb0f4e0bad16cf15cd42894c412b19
at sun.reflect.NativeConstructorAccessorImpl.newInstance0(Native Method)
at sun.reflect.NativeConstructorAccessorImpl.newInstance(Unknown Source)
at sun.reflect.DelegatingConstructorAccessorImpl.newInstance(Unknown Source)
at java.lang.reflect.Constructor.newInstance(Unknown Source)
at org.openqa.selenium.remote.http.W3CHttpResponseCodec.createException(W3CHttpResponseCodec.java:187)
at org.openqa.selenium.remote.http.W3CHttpResponseCodec.decode(W3CHttpResponseCodec.java:122)
at org.openqa.selenium.remote.http.W3CHttpResponseCodec.decode(W3CHttpResponseCodec.java:49)
at org.openqa.selenium.remote.HttpCommandExecutor.execute(HttpCommandExecutor.java:158)
at org.openqa.selenium.remote.service.DriverCommandExecutor.execute(DriverCommandExecutor.java:83)
at org.openqa.selenium.remote.RemoteWebDriver.execute(RemoteWebDriver.java:552)
at org.openqa.selenium.remote.RemoteWebElement.execute(RemoteWebElement.java:285)
at org.openqa.selenium.remote.RemoteWebElement.sendKeys(RemoteWebElement.java:106)
at pageobject.bikeform.validform(bikeform.java:33)
at stepdefinition.tc2_sellBike.user_enter_the_invalid_data_in_any_of_the_fields_and_click_on_post_ad_button(tc2_sellBike.java:57)
at ✽.user enter the invalid  data in brand field "Hondaaa","Activa","2020","5050","Kochi","Aluva","8000","Lakshmi","9988998899","lakshmi@gmail.com" and click on post ad button(file:///D:/eclipse%202019%20code/ProjectQuikr/features/sellbike.feature:16)
]]>
            </full-stacktrace>
          </exception> <!-- org.openqa.selenium.StaleElementReferenceException -->
          <reporter-output>
          </reporter-output>
        </test-method> <!-- runScenario -->
        <test-method status="PASS" signature="runScenario(io.cucumber.testng.PickleWrapper,io.cucumber.testng.FeatureWrapper)[pri:0, instance:testrunner@1068e947]" name="runScenario" duration-ms="82076" started-at="2021-08-16T12:58:53 IST" description="Runs Cucumber Scenarios" data-provider="scenarios" finished-at="2021-08-16T13:00:15 IST">
          <params>
            <param index="0">
              <value>
                <![CDATA["User fills the invalid data in model field"]]>
              </value>
            </param>
            <param index="1">
              <value>
                <![CDATA["Optional[form fields to sell bike]"]]>
              </value>
            </param>
          </params>
          <reporter-output>
          </reporter-output>
        </test-method> <!-- runScenario -->
        <test-method status="PASS" signature="runScenario(io.cucumber.testng.PickleWrapper,io.cucumber.testng.FeatureWrapper)[pri:0, instance:testrunner@1068e947]" name="runScenario" duration-ms="48968" started-at="2021-08-16T13:00:15 IST" description="Runs Cucumber Scenarios" data-provider="scenarios" finished-at="2021-08-16T13:01:04 IST">
          <params>
            <param index="0">
              <value>
                <![CDATA["User fills the invalid data in year field"]]>
              </value>
            </param>
            <param index="1">
              <value>
                <![CDATA["Optional[form fields to sell bike]"]]>
              </value>
            </param>
          </params>
          <reporter-output>
          </reporter-output>
        </test-method> <!-- runScenario -->
        <test-method status="PASS" signature="runScenario(io.cucumber.testng.PickleWrapper,io.cucumber.testng.FeatureWrapper)[pri:0, instance:testrunner@1068e947]" name="runScenario" duration-ms="40252" started-at="2021-08-16T13:01:04 IST" description="Runs Cucumber Scenarios" data-provider="scenarios" finished-at="2021-08-16T13:01:45 IST">
          <params>
            <param index="0">
              <value>
                <![CDATA["User fills the invalid data in km field"]]>
              </value>
            </param>
            <param index="1">
              <value>
                <![CDATA["Optional[form fields to sell bike]"]]>
              </value>
            </param>
          </params>
          <reporter-output>
          </reporter-output>
        </test-method> <!-- runScenario -->
        <test-method status="PASS" signature="runScenario(io.cucumber.testng.PickleWrapper,io.cucumber.testng.FeatureWrapper)[pri:0, instance:testrunner@1068e947]" name="runScenario" duration-ms="49456" started-at="2021-08-16T13:01:45 IST" description="Runs Cucumber Scenarios" data-provider="scenarios" finished-at="2021-08-16T13:02:34 IST">
          <params>
            <param index="0">
              <value>
                <![CDATA["User fills the invalid data in city field"]]>
              </value>
            </param>
            <param index="1">
              <value>
                <![CDATA["Optional[form fields to sell bike]"]]>
              </value>
            </param>
          </params>
          <reporter-output>
          </reporter-output>
        </test-method> <!-- runScenario -->
        <test-method status="FAIL" signature="runScenario(io.cucumber.testng.PickleWrapper,io.cucumber.testng.FeatureWrapper)[pri:0, instance:testrunner@1068e947]" name="runScenario" duration-ms="45839" started-at="2021-08-16T13:02:34 IST" description="Runs Cucumber Scenarios" data-provider="scenarios" finished-at="2021-08-16T13:03:20 IST">
          <params>
            <param index="0">
              <value>
                <![CDATA["User fills the invalid data in locality field"]]>
              </value>
            </param>
            <param index="1">
              <value>
                <![CDATA["Optional[form fields to sell bike]"]]>
              </value>
            </param>
          </params>
          <exception class="java.lang.AssertionError">
            <message>
              <![CDATA[expected [Please Select a valid adlocality] but found []]]>
            </message>
            <full-stacktrace>
              <![CDATA[java.lang.AssertionError: expected [Please Select a valid adlocality] but found []
at org.testng.Assert.fail(Assert.java:99)
at org.testng.Assert.failNotEquals(Assert.java:1037)
at org.testng.Assert.assertEqualsImpl(Assert.java:140)
at org.testng.Assert.assertEquals(Assert.java:122)
at org.testng.Assert.assertEquals(Assert.java:629)
at org.testng.Assert.assertEquals(Assert.java:639)
at stepdefinition.tc7_loc_sellBike.user_enter_the_invalid_data_in_locality_field_and_click_on_post_ad_button(tc7_loc_sellBike.java:61)
at ✽.user enter the invalid  data in locality field "Honda","Activa","2020","5000","Kochi","Aluva","8000","Lakshmi","9988998899","lakshmi@gmail.com" and click on post ad button(file:///D:/eclipse%202019%20code/ProjectQuikr/features/sellbike.feature:75)
]]>
            </full-stacktrace>
          </exception> <!-- java.lang.AssertionError -->
          <reporter-output>
          </reporter-output>
        </test-method> <!-- runScenario -->
        <test-method status="PASS" signature="runScenario(io.cucumber.testng.PickleWrapper,io.cucumber.testng.FeatureWrapper)[pri:0, instance:testrunner@1068e947]" name="runScenario" duration-ms="59366" started-at="2021-08-16T13:03:20 IST" description="Runs Cucumber Scenarios" data-provider="scenarios" finished-at="2021-08-16T13:04:20 IST">
          <params>
            <param index="0">
              <value>
                <![CDATA["User fills the invalid data in mob field"]]>
              </value>
            </param>
            <param index="1">
              <value>
                <![CDATA["Optional[form fields to sell bike]"]]>
              </value>
            </param>
          </params>
          <reporter-output>
          </reporter-output>
        </test-method> <!-- runScenario -->
        <test-method status="FAIL" signature="runScenario(io.cucumber.testng.PickleWrapper,io.cucumber.testng.FeatureWrapper)[pri:0, instance:testrunner@1068e947]" name="runScenario" duration-ms="42795" started-at="2021-08-16T13:04:20 IST" description="Runs Cucumber Scenarios" data-provider="scenarios" finished-at="2021-08-16T13:05:02 IST">
          <params>
            <param index="0">
              <value>
                <![CDATA["User fills the invalid data in email field"]]>
              </value>
            </param>
            <param index="1">
              <value>
                <![CDATA["Optional[form fields to sell bike]"]]>
              </value>
            </param>
          </params>
          <exception class="org.openqa.selenium.ElementNotInteractableException">
            <message>
              <![CDATA[element not interactable
  (Session info: chrome=92.0.4515.131)
Build info: version: '3.141.59', revision: 'e82be7d358', time: '2018-11-14T08:17:03'
System info: host: 'DESKTOP-J83KBQ8', ip: '192.168.10.6', os.name: 'Windows 10', os.arch: 'amd64', os.version: '10.0', java.version: '1.8.0_281'
Driver info: org.openqa.selenium.chrome.ChromeDriver
Capabilities {acceptInsecureCerts: false, browserName: chrome, browserVersion: 92.0.4515.131, chrome: {chromedriverVersion: 91.0.4472.101 (af52a90bf870..., userDataDir: C:\Users\lenovo\AppData\Loc...}, goog:chromeOptions: {debuggerAddress: localhost:54187}, javascriptEnabled: true, networkConnectionEnabled: false, pageLoadStrategy: normal, platform: WINDOWS, platformName: WINDOWS, proxy: Proxy(), setWindowRect: true, strictFileInteractability: false, timeouts: {implicit: 0, pageLoad: 300000, script: 30000}, unhandledPromptBehavior: dismiss and notify, webauthn:extension:largeBlob: true, webauthn:virtualAuthenticators: true}
Session ID: 8a9c7d0f098786ea8dcf015e63252228]]>
            </message>
            <full-stacktrace>
              <![CDATA[org.openqa.selenium.ElementNotInteractableException: element not interactable
  (Session info: chrome=92.0.4515.131)
Build info: version: '3.141.59', revision: 'e82be7d358', time: '2018-11-14T08:17:03'
System info: host: 'DESKTOP-J83KBQ8', ip: '192.168.10.6', os.name: 'Windows 10', os.arch: 'amd64', os.version: '10.0', java.version: '1.8.0_281'
Driver info: org.openqa.selenium.chrome.ChromeDriver
Capabilities {acceptInsecureCerts: false, browserName: chrome, browserVersion: 92.0.4515.131, chrome: {chromedriverVersion: 91.0.4472.101 (af52a90bf870..., userDataDir: C:\Users\lenovo\AppData\Loc...}, goog:chromeOptions: {debuggerAddress: localhost:54187}, javascriptEnabled: true, networkConnectionEnabled: false, pageLoadStrategy: normal, platform: WINDOWS, platformName: WINDOWS, proxy: Proxy(), setWindowRect: true, strictFileInteractability: false, timeouts: {implicit: 0, pageLoad: 300000, script: 30000}, unhandledPromptBehavior: dismiss and notify, webauthn:extension:largeBlob: true, webauthn:virtualAuthenticators: true}
Session ID: 8a9c7d0f098786ea8dcf015e63252228
at sun.reflect.NativeConstructorAccessorImpl.newInstance0(Native Method)
at sun.reflect.NativeConstructorAccessorImpl.newInstance(Unknown Source)
at sun.reflect.DelegatingConstructorAccessorImpl.newInstance(Unknown Source)
at java.lang.reflect.Constructor.newInstance(Unknown Source)
at org.openqa.selenium.remote.http.W3CHttpResponseCodec.createException(W3CHttpResponseCodec.java:187)
at org.openqa.selenium.remote.http.W3CHttpResponseCodec.decode(W3CHttpResponseCodec.java:122)
at org.openqa.selenium.remote.http.W3CHttpResponseCodec.decode(W3CHttpResponseCodec.java:49)
at org.openqa.selenium.remote.HttpCommandExecutor.execute(HttpCommandExecutor.java:158)
at org.openqa.selenium.remote.service.DriverCommandExecutor.execute(DriverCommandExecutor.java:83)
at org.openqa.selenium.remote.RemoteWebDriver.execute(RemoteWebDriver.java:552)
at org.openqa.selenium.remote.RemoteWebElement.execute(RemoteWebElement.java:285)
at org.openqa.selenium.remote.RemoteWebElement.click(RemoteWebElement.java:84)
at pageobject.bikeform.validform(bikeform.java:35)
at stepdefinition.tc9_email_sellBike.user_enter_the_invalid_data_in_email_field_and_click_on_post_ad_button(tc9_email_sellBike.java:57)
at ✽.user enter the invalid  data in email field "Honda","Activa","2020","5000","Kochi","Aluva","8000","Lakshmi","9988998899","lakshmi@gmail.com1234" and click on post ad button(file:///D:/eclipse%202019%20code/ProjectQuikr/features/sellbike.feature:97)
]]>
            </full-stacktrace>
          </exception> <!-- org.openqa.selenium.ElementNotInteractableException -->
          <reporter-output>
          </reporter-output>
        </test-method> <!-- runScenario -->
        <test-method status="FAIL" signature="runScenario(io.cucumber.testng.PickleWrapper,io.cucumber.testng.FeatureWrapper)[pri:0, instance:testrunner@1068e947]" name="runScenario" duration-ms="63921" started-at="2021-08-16T13:05:02 IST" description="Runs Cucumber Scenarios" data-provider="scenarios" finished-at="2021-08-16T13:06:06 IST">
          <params>
            <param index="0">
              <value>
                <![CDATA["User fills the invalid data in name field"]]>
              </value>
            </param>
            <param index="1">
              <value>
                <![CDATA["Optional[form fields to sell bike]"]]>
              </value>
            </param>
          </params>
          <exception class="java.lang.AssertionError">
            <message>
              <![CDATA[expected [Please Select a valid name] but found []]]>
            </message>
            <full-stacktrace>
              <![CDATA[java.lang.AssertionError: expected [Please Select a valid name] but found []
at org.testng.Assert.fail(Assert.java:99)
at org.testng.Assert.failNotEquals(Assert.java:1037)
at org.testng.Assert.assertEqualsImpl(Assert.java:140)
at org.testng.Assert.assertEquals(Assert.java:122)
at org.testng.Assert.assertEquals(Assert.java:629)
at org.testng.Assert.assertEquals(Assert.java:639)
at stepdefinition.tc10_name_sellBike.user_enter_the_invalid_data_in_name_field_and_click_on_post_ad_button(tc10_name_sellBike.java:67)
at ✽.user enter the invalid  data in name field "Honda","Activa","2020","5000","Kochi","Aluva","8000","@@@@","9988998899","lakshmi@gmail.com" and click on post ad button(file:///D:/eclipse%202019%20code/ProjectQuikr/features/sellbike.feature:107)
]]>
            </full-stacktrace>
          </exception> <!-- java.lang.AssertionError -->
          <reporter-output>
          </reporter-output>
        </test-method> <!-- runScenario -->
        <test-method status="PASS" signature="tearDownClass()[pri:0, instance:testrunner@1068e947]" name="tearDownClass" is-config="true" duration-ms="7141" started-at="2021-08-16T13:06:09 IST" finished-at="2021-08-16T13:06:16 IST">
          <reporter-output>
          </reporter-output>
        </test-method> <!-- tearDownClass -->
      </class> <!-- testrunner -->
    </test> <!-- Default test -->
  </suite> <!-- Default suite -->
</testng-results>
